<?xml version="1.0" encoding="UTF-8"?>
<!-- Generated by org.testng.reporters.JUnitReportReporter -->
<testsuite hostname="abir" failures="0" tests="1" name="test.DashBoardTest" time="12.134" errors="0" timestamp="2024-08-15T23:58:40 EDT" skipped="0">
  <testcase classname="test.DashBoardTest" name="dashvalidation" time="12.134"/>
  <system-out/>
</testsuite> <!-- test.DashBoardTest -->
