<?xml version="1.0" encoding="UTF-8"?>
<!-- Generated by org.testng.reporters.JUnitReportReporter -->
<testsuite hostname="abir" failures="0" tests="1" name="test.LoginTest" time="12.258" errors="0" timestamp="2024-08-15T23:41:48 EDT" skipped="0">
  <testcase classname="test.LoginTest" name="validusershouldLogin" time="12.258"/>
  <system-out/>
</testsuite> <!-- test.LoginTest -->
