<?xml version="1.0" encoding="UTF-8"?>
<!-- Generated by org.testng.reporters.JUnitReportReporter -->
<testsuite hostname="abir" failures="0" tests="1" name="test.AddCustomersTest" time="23.565" errors="0" timestamp="2024-08-16T02:37:42 EDT" skipped="0">
  <testcase classname="test.AddCustomersTest" name="dashvalidation" time="23.565"/>
  <system-out/>
</testsuite> <!-- test.AddCustomersTest -->
